<?xml version="1.0" encoding="UTF-8"?>
<!DOCTYPE coverage SYSTEM "http://cobertura.sourceforge.net/xml/coverage-04.dtd">
<coverage lines-valid="11" lines-covered="6" line-rate="0.54545454545455" branches-valid="9" branches-covered="6" branch-rate="0.66666666666667" complexity="6" timestamp="1599072801" version="0.1">
  <sources>
    <source>tests/Fixtures/Src</source>
  </sources>
  <packages>
    <package name="Soyhuce" line-rate="0.54545454545455" branch-rate="0.66666666666667" complexity="6">
      <classes>
        <class name="Soyhuce\PhpunitToCobertura\Tests\Fixtures\Src\Bar" filename="tests/Fixtures/Src/Bar.php" line-rate="0" branch-rate="0" complexity="1">
          <methods>
            <method name="totallyUntested" signature="totallyUntested(): void" line-rate="0" branch-rate="0" complexity="1">
              <lines>
                <line number="9" hits="0"/>
                <line number="10" hits="0"/>
              </lines>
            </method>
          </methods>
          <lines>
            <line number="9" hits="0"/>
            <line number="10" hits="0"/>
          </lines>
        </class>
        <class name="Soyhuce\PhpunitToCobertura\Tests\Fixtures\Src\Foo" filename="tests/Fixtures/Src/Foo.php" line-rate="0.75" branch-rate="0.75" complexity="5">
          <methods>
            <method name="true" signature="true(): bool" line-rate="1" branch-rate="1" complexity="1">
              <lines>
                <line number="9" hits="1"/>
              </lines>
            </method>
            <method name="itHasBranches" signature="itHasBranches(bool $foo, bool $bar): string" line-rate="0.83333333333333" branch-rate="0.83333333333333" complexity="3">
              <lines>
                <line number="14" hits="1"/>
                <line number="15" hits="1"/>
                <line number="17" hits="0"/>
                <line number="20" hits="1"/>
                <line number="21" hits="1"/>
                <line number="24" hits="1"/>
              </lines>
            </method>
            <method name="deadCode" signature="deadCode(): void" line-rate="0" branch-rate="0" complexity="1">
              <lines>
                <line number="29" hits="0"/>
              </lines>
            </method>
          </methods>
          <lines>
            <line number="9" hits="1"/>
            <line number="14" hits="1"/>
            <line number="15" hits="1"/>
            <line number="17" hits="0"/>
            <line number="20" hits="1"/>
            <line number="21" hits="1"/>
            <line number="24" hits="1"/>
            <line number="29" hits="0"/>
          </lines>
        </class>
      </classes>
    </package>
  </packages>
</coverage>
